[bam_sort_core] merging from 2 files and 1 in-memory blocks...
[bam_sort_core] merging from 4 files and 1 in-memory blocks...
normalization: 1x (effective genome size 2652783500)
minFragmentLength: 0
verbose: False
out_file_for_raw_data: None
numberOfSamples: None
bedFile: None
bamFilesList: ['/gpfs/group/pipkin/hdiao/Exp337/1_bowtie2/337_24_srt_flt_pos_srt.bam']
numberOfProcessors: 1
samFlag_exclude: None
save_data: False
stepSize: 10
smoothLength: None
blackListFileName: None
center_read: False
skipZeroOverZero: False
ignoreDuplicates: False
defaultFragmentLength: 212
chrsToSkip: []
region: None
maxPairedFragmentLength: 848
samFlag_include: None
binLength: 10
maxFragmentLength: 0
minMappingQuality: None
zerosToNans: False
normalization: 1x (effective genome size 2652783500)
minFragmentLength: 0
verbose: False
out_file_for_raw_data: None
numberOfSamples: None
bedFile: None
bamFilesList: ['/gpfs/group/pipkin/hdiao/Exp337/1_bowtie2/337_24_srt_flt_neg_srt.bam']
numberOfProcessors: 1
samFlag_exclude: None
save_data: False
stepSize: 10
smoothLength: None
blackListFileName: None
center_read: False
skipZeroOverZero: False
ignoreDuplicates: False
defaultFragmentLength: 212
chrsToSkip: []
region: None
maxPairedFragmentLength: 848
samFlag_include: None
binLength: 10
maxFragmentLength: 0
minMappingQuality: None
zerosToNans: False
chrCHR_CAST_EI_MMCHR11_CTG4 is not found in chromosome sizes file
chrCHR_CAST_EI_MMCHR11_CTG4 is not found in chromosome sizes file
