normalization: 1x (effective genome size 2652783500)
minFragmentLength: 0
verbose: False
out_file_for_raw_data: None
numberOfSamples: None
bedFile: None
bamFilesList: ['/gpfs/group/pipkin/hdiao/Exp337/1_bowtie2/337_18_srt_flt.bam']
numberOfProcessors: 1
samFlag_exclude: None
save_data: False
stepSize: 10
smoothLength: None
blackListFileName: None
center_read: False
skipZeroOverZero: False
ignoreDuplicates: False
defaultFragmentLength: 216
chrsToSkip: []
region: None
maxPairedFragmentLength: 864
samFlag_include: None
binLength: 10
maxFragmentLength: 0
minMappingQuality: None
zerosToNans: False
chrCHR_CAST_EI_MMCHR11_CTG4 is not found in chromosome sizes file
/var/spool/slurm/d/job1439128/slurm_script: line 102: bamtools: command not found
/var/spool/slurm/d/job1439128/slurm_script: line 107: bamtools: command not found
[E::hts_open_format] Failed to open file "/gpfs/group/pipkin/hdiao/Exp337/1_bowtie2/337_18_srt_flt_pos.bam" : No such file or directory
samtools sort: can't open "/gpfs/group/pipkin/hdiao/Exp337/1_bowtie2/337_18_srt_flt_pos.bam": No such file or directory
[E::hts_open_format] Failed to open file "/gpfs/group/pipkin/hdiao/Exp337/1_bowtie2/337_18_srt_flt_neg.bam" : No such file or directory
samtools sort: can't open "/gpfs/group/pipkin/hdiao/Exp337/1_bowtie2/337_18_srt_flt_neg.bam": No such file or directory
[E::hts_open_format] Failed to open file "/gpfs/group/pipkin/hdiao/Exp337/1_bowtie2/337_18_srt_flt_pos_srt.bam" : No such file or directory
samtools index: failed to open "/gpfs/group/pipkin/hdiao/Exp337/1_bowtie2/337_18_srt_flt_pos_srt.bam": No such file or directory
[E::hts_open_format] Failed to open file "/gpfs/group/pipkin/hdiao/Exp337/1_bowtie2/337_18_srt_flt_neg_srt.bam" : No such file or directory
samtools index: failed to open "/gpfs/group/pipkin/hdiao/Exp337/1_bowtie2/337_18_srt_flt_neg_srt.bam": No such file or directory
[E::hts_open_format] Failed to open file "/gpfs/group/pipkin/hdiao/Exp337/1_bowtie2/337_18_srt_flt_pos_srt.bam" : No such file or directory
The file '/gpfs/group/pipkin/hdiao/Exp337/1_bowtie2/337_18_srt_flt_pos_srt.bam' does not exist
[E::hts_open_format] Failed to open file "/gpfs/group/pipkin/hdiao/Exp337/1_bowtie2/337_18_srt_flt_neg_srt.bam" : No such file or directory
The file '/gpfs/group/pipkin/hdiao/Exp337/1_bowtie2/337_18_srt_flt_neg_srt.bam' does not exist
awk: fatal: cannot open file `/gpfs/group/pipkin/hdiao/Exp337/1_bowtie2/337_18_srt_flt_pos.bdg' for reading (No such file or directory)
awk: fatal: cannot open file `/gpfs/group/pipkin/hdiao/Exp337/1_bowtie2/337_18_srt_flt_neg.bdg' for reading (No such file or directory)
needLargeMem: trying to allocate 0 bytes (limit: 100000000000)
needLargeMem: trying to allocate 0 bytes (limit: 100000000000)
