head: cannot open ‘/gpfs/group/pipkin/hdiao/Exp337/1_bowtie2/337_22.sam’ for reading: No such file or directory
[E::hts_open_format] Failed to open file "/gpfs/group/pipkin/hdiao/Exp337/1_bowtie2/337_22_srt.bam" : No such file or directory
samtools view: failed to open "/gpfs/group/pipkin/hdiao/Exp337/1_bowtie2/337_22_srt.bam" for reading: No such file or directory
[main_samview] fail to read the header from "/gpfs/group/pipkin/hdiao/Exp337/1_bowtie2/337_22_srt_flt.sam".
samtools index: "/gpfs/group/pipkin/hdiao/Exp337/1_bowtie2/337_22_srt_flt.bam" is in a format that cannot be usefully indexed
The file '/gpfs/group/pipkin/hdiao/Exp337/1_bowtie2/337_22_srt_flt.bam' does not have BAM or CRAM format 
awk: fatal: cannot open file `/gpfs/group/pipkin/hdiao/Exp337/1_bowtie2/337_22_srt_flt.bdg' for reading (No such file or directory)
needLargeMem: trying to allocate 0 bytes (limit: 100000000000)
[main_samview] fail to read the header from "/gpfs/group/pipkin/hdiao/Exp337/1_bowtie2/337_22_srt_flt.bam".
[main_samview] fail to read the header from "/gpfs/group/pipkin/hdiao/Exp337/1_bowtie2/337_22_srt_flt_Rm.bam".
[main_samview] fail to read the header from "/gpfs/group/pipkin/hdiao/Exp337/1_bowtie2/337_22_srt_flt_RmMm.bam".
[main_samview] fail to read the header from "/gpfs/group/pipkin/hdiao/Exp337/1_bowtie2/337_22_srt_flt_RmMm_cor.bam".
[main_samview] fail to read the header from "/gpfs/group/pipkin/hdiao/Exp337/1_bowtie2/337_22_srt_flt_RmMm_cor.bam".
[main_samview] fail to read the header from "/gpfs/group/pipkin/hdiao/Exp337/1_bowtie2/337_22_srt_flt_r1.bam".
[main_samview] fail to read the header from "/gpfs/group/pipkin/hdiao/Exp337/1_bowtie2/337_22_srt_flt_r2.bam".
/var/spool/slurm/d/job1439132/slurm_script: line 102: bamtools: command not found
[main_samview] fail to read the header from "/gpfs/group/pipkin/hdiao/Exp337/1_bowtie2/337_22_srt_flt_r1.bam".
[main_samview] fail to read the header from "/gpfs/group/pipkin/hdiao/Exp337/1_bowtie2/337_22_srt_flt_r2.bam".
/var/spool/slurm/d/job1439132/slurm_script: line 107: bamtools: command not found
[E::hts_open_format] Failed to open file "/gpfs/group/pipkin/hdiao/Exp337/1_bowtie2/337_22_srt_flt_pos.bam" : No such file or directory
samtools sort: can't open "/gpfs/group/pipkin/hdiao/Exp337/1_bowtie2/337_22_srt_flt_pos.bam": No such file or directory
[E::hts_open_format] Failed to open file "/gpfs/group/pipkin/hdiao/Exp337/1_bowtie2/337_22_srt_flt_neg.bam" : No such file or directory
samtools sort: can't open "/gpfs/group/pipkin/hdiao/Exp337/1_bowtie2/337_22_srt_flt_neg.bam": No such file or directory
[E::hts_open_format] Failed to open file "/gpfs/group/pipkin/hdiao/Exp337/1_bowtie2/337_22_srt_flt_pos_srt.bam" : No such file or directory
samtools index: failed to open "/gpfs/group/pipkin/hdiao/Exp337/1_bowtie2/337_22_srt_flt_pos_srt.bam": No such file or directory
[E::hts_open_format] Failed to open file "/gpfs/group/pipkin/hdiao/Exp337/1_bowtie2/337_22_srt_flt_neg_srt.bam" : No such file or directory
samtools index: failed to open "/gpfs/group/pipkin/hdiao/Exp337/1_bowtie2/337_22_srt_flt_neg_srt.bam": No such file or directory
[E::hts_open_format] Failed to open file "/gpfs/group/pipkin/hdiao/Exp337/1_bowtie2/337_22_srt_flt_pos_srt.bam" : No such file or directory
The file '/gpfs/group/pipkin/hdiao/Exp337/1_bowtie2/337_22_srt_flt_pos_srt.bam' does not exist
[E::hts_open_format] Failed to open file "/gpfs/group/pipkin/hdiao/Exp337/1_bowtie2/337_22_srt_flt_neg_srt.bam" : No such file or directory
The file '/gpfs/group/pipkin/hdiao/Exp337/1_bowtie2/337_22_srt_flt_neg_srt.bam' does not exist
awk: fatal: cannot open file `/gpfs/group/pipkin/hdiao/Exp337/1_bowtie2/337_22_srt_flt_pos.bdg' for reading (No such file or directory)
awk: fatal: cannot open file `/gpfs/group/pipkin/hdiao/Exp337/1_bowtie2/337_22_srt_flt_neg.bdg' for reading (No such file or directory)
needLargeMem: trying to allocate 0 bytes (limit: 100000000000)
needLargeMem: trying to allocate 0 bytes (limit: 100000000000)
